\BOOKMARK [0][-]{chapter.1}{Pulmonary lobar segmentation from CT scans}{}% 1
\BOOKMARK [1][-]{section.1.1}{Background}{chapter.1}% 2
\BOOKMARK [2][-]{subsection.1.1.1}{Pulmonary lobar anatomy}{section.1.1}% 3
\BOOKMARK [2][-]{subsection.1.1.2}{High resolution computed tomography}{section.1.1}% 4
\BOOKMARK [2][-]{subsection.1.1.3}{The importance of pulmonary lobar segmentation}{section.1.1}% 5
\BOOKMARK [2][-]{subsection.1.1.4}{Challenges of automatic pulmonary lobar segmentation from CT scans}{section.1.1}% 6
\BOOKMARK [1][-]{section.1.2}{Review of current published methods for pulmonary lobar segmentation}{chapter.1}% 7
\BOOKMARK [2][-]{subsection.1.2.1}{Lung segmentation}{section.1.2}% 8
\BOOKMARK [2][-]{subsection.1.2.2}{Fissure detection}{section.1.2}% 9
\BOOKMARK [1][-]{section.1.3}{Methods: automatic statistical shape model based lobar segmentation method}{chapter.1}% 10
\BOOKMARK [2][-]{subsection.1.3.1}{Lung segmentation}{section.1.3}% 11
\BOOKMARK [2][-]{subsection.1.3.2}{Statistical finite element models of lung and fissure shape}{section.1.3}% 12
\BOOKMARK [2][-]{subsection.1.3.3}{Initial prediction of lobar location in an individual}{section.1.3}% 13
\BOOKMARK [2][-]{subsection.1.3.4}{Multi-scale Hessian-based fissure detection}{section.1.3}% 14
\BOOKMARK [2][-]{subsection.1.3.5}{Interactive user control interface}{section.1.3}% 15
\BOOKMARK [1][-]{section.1.4}{Experiments}{chapter.1}% 16
\BOOKMARK [2][-]{subsection.1.4.1}{Testing CT dataset}{section.1.4}% 17
\BOOKMARK [2][-]{subsection.1.4.2}{Test and results}{section.1.4}% 18
\BOOKMARK [1][-]{section.1.5}{Discussion}{chapter.1}% 19
\BOOKMARK [1][-]{section.1.6}{Summary}{chapter.1}% 20
\BOOKMARK [0][-]{chapter*.13}{List of References}{}% 21
